Arguments: 
  D:\developer\nodejs\node.exe C:\Users\76245\AppData\Roaming\npm\node_modules\yarn\bin\yarn.js add koa koa-statuc koa-route

PATH: 
  C:\Program Files\Python39\Scripts\;C:\Program Files\Python39\;C:\Program Files\Common Files\Oracle\Java\javapath;C:\Windows\system32;C:\Windows;C:\Windows\System32\Wbem;C:\Windows\System32\WindowsPowerShell\v1.0\;C:\Windows\System32\OpenSSH\;C:\Program Files (x86)\NVIDIA Corporation\PhysX\Common;C:\Program Files\NVIDIA Corporation\NVIDIA NvDLISR;D:\developer\git\Git\cmd;D:\developer\nodejs\;C:\Program Files\dotnet\;C:\Program Files\Microsoft SQL Server\130\Tools\Binn\;C:\Program Files\Microsoft SQL Server\Client SDK\ODBC\170\Tools\Binn\;D:\developer\MongoDB\bin;D:\software\deno;C:\Program Files\PuTTY\;D:\developer\mysql-8.0.25-winx64\bin;D:\developer\vscode\Microsoft VS Code;D:\developer\lua\5.1;D:\developer\lua\5.1\clibs;D:\developer\jdk\bin;D:\developer\jdk\jre\bin;C:\Strawberry\c\bin;C:\Strawberry\perl\site\bin;C:\Strawberry\perl\bin;D:\developer\redis;D:\developer\xftp\;C:\Users\76245\AppData\Local\Packages\PythonSoftwareFoundation.Python.3.7_qbz5n2kfra8p0\LocalCache\local-packages\Python37\Scripts;C:\Program Files\Google\Chrome\Application;C:\Program Files\Docker\Docker\resources\bin;C:\ProgramData\DockerDesktop\version-bin;D:\developer\flutter\bin;C:\Users\76245\.cargo\bin;C:\Users\76245\AppData\Local\Microsoft\WindowsApps;C:\Users\76245\AppData\Roaming\npm;D:\developer\vscode\Microsoft VS Code\bin;C:\Users\76245\.dotnet\tools;D:\software\Fiddler;D:\developer\Hyper\resources\bin;C:\Program Files (x86)\BrowserStackLocal\;D:\developer\git\Git\mingw64\bin;D:\developer\git\Git\usr\bin;D:\developer\cmder\vendor\bin;D:\developer\cmder

Yarn version: 
  1.22.10

Node version: 
  14.17.0

Platform: 
  win32 x64

Trace: 
  Error: https://registry.yarnpkg.com/koa-statuc: Not found
      at Request.params.callback [as _callback] (C:\Users\76245\AppData\Roaming\npm\node_modules\yarn\lib\cli.js:66988:18)
      at Request.self.callback (C:\Users\76245\AppData\Roaming\npm\node_modules\yarn\lib\cli.js:140662:22)
      at Request.emit (events.js:376:20)
      at Request.<anonymous> (C:\Users\76245\AppData\Roaming\npm\node_modules\yarn\lib\cli.js:141634:10)
      at Request.emit (events.js:376:20)
      at IncomingMessage.<anonymous> (C:\Users\76245\AppData\Roaming\npm\node_modules\yarn\lib\cli.js:141556:12)
      at Object.onceWrapper (events.js:482:28)
      at IncomingMessage.emit (events.js:388:22)
      at endReadableNT (internal/streams/readable.js:1336:12)
      at processTicksAndRejections (internal/process/task_queues.js:82:21)

npm manifest: 
  {
    "name": "test-for-docker",
    "version": "1.0.0",
    "main": "index.js",
    "repository": "https://github.com/laoxue/test-for-docker.git",
    "author": "eric xue <762452134@qq.com>",
    "license": "MIT",
    "devDependencies": {}
  }

yarn manifest: 
  No manifest

Lockfile: 
  # THIS IS AN AUTOGENERATED FILE. DO NOT EDIT THIS FILE DIRECTLY.
  # yarn lockfile v1
